<?xml version="1.0" encoding="UTF-8"?>
<!-- Generated by org.testng.reporters.JUnitReportReporter -->
<testsuite skipped="0" hostname="HP" name="com.qa.tests.LoginPageTest" tests="13" failures="0" timestamp="24 Mar 2019 09:55:20 GMT" time="13.786" errors="0">
  <testcase name="usernametype" time="5.872" classname="com.qa.tests.LoginPageTest"/>
  <testcase name="usernametext" time="0.110" classname="com.qa.tests.LoginPageTest"/>
  <testcase name="passwordtext" time="1.358" classname="com.qa.tests.LoginPageTest"/>
  <testcase name="passwordtype" time="0.114" classname="com.qa.tests.LoginPageTest"/>
  <testcase name="welcomeMsg" time="0.380" classname="com.qa.tests.LoginPageTest"/>
  <testcase name="checkTitle" time="0.035" classname="com.qa.tests.LoginPageTest"/>
  <testcase name="loginButtonHeight" time="0.226" classname="com.qa.tests.LoginPageTest"/>
  <testcase name="loginButtonColor" time="0.103" classname="com.qa.tests.LoginPageTest"/>
  <testcase name="loginButtonalign" time="0.111" classname="com.qa.tests.LoginPageTest"/>
  <testcase name="checkboxinital" time="0.232" classname="com.qa.tests.LoginPageTest"/>
  <testcase name="checkboxfinal" time="0.639" classname="com.qa.tests.LoginPageTest"/>
  <testcase name="usernameParameters" time="0.282" classname="com.qa.tests.LoginPageTest"/>
  <testcase name="loginErrorMsgTest" time="4.324" classname="com.qa.tests.LoginPageTest"/>
</testsuite> <!-- com.qa.tests.LoginPageTest -->
