<?xml version="1.0" encoding="UTF-8"?>
<!-- Generated by org.testng.reporters.JUnitReportReporter -->
<testsuite skipped="0" hostname="HP" name="com.qa.tests.HomePageTest" tests="1" failures="0" timestamp="24 Mar 2019 09:55:20 GMT" time="0.336" errors="0">
  <testcase name="checkHomePageTitle" time="0.336" classname="com.qa.tests.HomePageTest"/>
</testsuite> <!-- com.qa.tests.HomePageTest -->
